  GameObject.cpp
C:\Users\vvallee\Documents\sfmlApp\sfmlApp\GameObject.cpp(10,25): warning C4244: 'argument' : conversion de 'int' en 'float', perte possible de données
C:\Users\vvallee\Documents\sfmlApp\sfmlApp\GameObject.cpp(10,22): warning C4244: 'argument' : conversion de 'int' en 'float', perte possible de données
C:\Users\vvallee\Documents\sfmlApp\sfmlApp\GameObject.cpp(11,38): warning C4244: 'argument' : conversion de 'int' en 'T', perte possible de données
          with
          [
              T=float
          ]
C:\Users\vvallee\Documents\sfmlApp\sfmlApp\GameObject.cpp(11,31): warning C4244: 'argument' : conversion de 'int' en 'T', perte possible de données
          with
          [
              T=float
          ]
  main.cpp
  Génération de code en cours
  4 of 7 functions (57.1%) were compiled, the rest were copied from previous compilation.
    3 functions were new in current compilation
    0 functions had inline decision re-evaluated but remain unchanged
  Fin de la génération du code
  sfmlApp.vcxproj -> C:\Users\vvallee\Documents\sfmlApp\x64\Release\sfmlApp.exe
