  Ball.cpp
C:\Users\vvallee\Documents\GitHub\SFML-BRIQUE\sfmlApp\GameObject.h(58,3): warning C4091: 'typedef ' : ignoré à gauche de 'GameObject::RectDesc' quand aucune variable n'est déclarée
C:\Users\vvallee\Documents\GitHub\SFML-BRIQUE\sfmlApp\GameObject.h(71,3): warning C4091: 'typedef ' : ignoré à gauche de 'GameObject::CircleDesc' quand aucune variable n'est déclarée
C:\Users\vvallee\Documents\GitHub\SFML-BRIQUE\sfmlApp\Ball.cpp(23,24): warning C4244: '=' : conversion de 'double' en 'T', perte possible de données
          with
          [
              T=float
          ]
C:\Users\vvallee\Documents\GitHub\SFML-BRIQUE\sfmlApp\Ball.cpp(24,24): warning C4244: '=' : conversion de 'double' en 'T', perte possible de données
          with
          [
              T=float
          ]
  Brick.cpp
C:\Users\vvallee\Documents\GitHub\SFML-BRIQUE\sfmlApp\GameObject.h(58,3): warning C4091: 'typedef ' : ignoré à gauche de 'GameObject::RectDesc' quand aucune variable n'est déclarée
C:\Users\vvallee\Documents\GitHub\SFML-BRIQUE\sfmlApp\GameObject.h(71,3): warning C4091: 'typedef ' : ignoré à gauche de 'GameObject::CircleDesc' quand aucune variable n'est déclarée
  Canon.cpp
C:\Users\vvallee\Documents\GitHub\SFML-BRIQUE\sfmlApp\GameObject.h(58,3): warning C4091: 'typedef ' : ignoré à gauche de 'GameObject::RectDesc' quand aucune variable n'est déclarée
C:\Users\vvallee\Documents\GitHub\SFML-BRIQUE\sfmlApp\GameObject.h(71,3): warning C4091: 'typedef ' : ignoré à gauche de 'GameObject::CircleDesc' quand aucune variable n'est déclarée
C:\Users\vvallee\Documents\GitHub\SFML-BRIQUE\sfmlApp\Canon.cpp(24,12): warning C4244: '=' : conversion de 'double' en 'float', perte possible de données
  GameManager.cpp
C:\Users\vvallee\Documents\GitHub\SFML-BRIQUE\sfmlApp\GameObject.h(58,3): warning C4091: 'typedef ' : ignoré à gauche de 'GameObject::RectDesc' quand aucune variable n'est déclarée
C:\Users\vvallee\Documents\GitHub\SFML-BRIQUE\sfmlApp\GameObject.h(71,3): warning C4091: 'typedef ' : ignoré à gauche de 'GameObject::CircleDesc' quand aucune variable n'est déclarée
C:\Users\vvallee\Documents\GitHub\SFML-BRIQUE\sfmlApp\GameManager.cpp(11,59): warning C4244: 'argument' : conversion de 'T' en 'unsigned int', perte possible de données
          with
          [
              T=float
          ]
C:\Users\vvallee\Documents\GitHub\SFML-BRIQUE\sfmlApp\GameManager.cpp(11,49): warning C4244: 'argument' : conversion de 'T' en 'unsigned int', perte possible de données
          with
          [
              T=float
          ]
C:\Users\vvallee\Documents\GitHub\SFML-BRIQUE\sfmlApp\GameManager.cpp(127,21): warning C4244: 'initialisation' : conversion de 'int' en 'float', perte possible de données
C:\Users\vvallee\Documents\GitHub\SFML-BRIQUE\sfmlApp\GameManager.cpp(128,21): warning C4244: 'initialisation' : conversion de 'int' en 'float', perte possible de données
C:\Users\vvallee\Documents\GitHub\SFML-BRIQUE\sfmlApp\GameManager.cpp(130,159): warning C4244: 'argument' : conversion de 'float' en 'sf::Uint8', perte possible de données
C:\Users\vvallee\Documents\GitHub\SFML-BRIQUE\sfmlApp\GameManager.cpp(130,156): warning C4244: 'argument' : conversion de 'float' en 'sf::Uint8', perte possible de données
C:\Users\vvallee\Documents\GitHub\SFML-BRIQUE\sfmlApp\GameManager.cpp(130,154): warning C4244: 'argument' : conversion de 'float' en 'sf::Uint8', perte possible de données
  GameObject.cpp
C:\Users\vvallee\Documents\GitHub\SFML-BRIQUE\sfmlApp\GameObject.h(58,3): warning C4091: 'typedef ' : ignoré à gauche de 'GameObject::RectDesc' quand aucune variable n'est déclarée
C:\Users\vvallee\Documents\GitHub\SFML-BRIQUE\sfmlApp\GameObject.h(71,3): warning C4091: 'typedef ' : ignoré à gauche de 'GameObject::CircleDesc' quand aucune variable n'est déclarée
C:\Users\vvallee\Documents\GitHub\SFML-BRIQUE\sfmlApp\GameObject.cpp(90,24): warning C4244: '=' : conversion de 'double' en 'T', perte possible de données
          with
          [
              T=float
          ]
C:\Users\vvallee\Documents\GitHub\SFML-BRIQUE\sfmlApp\GameObject.cpp(91,19): warning C4244: '=' : conversion de 'double' en 'T', perte possible de données
          with
          [
              T=float
          ]
C:\Users\vvallee\Documents\GitHub\SFML-BRIQUE\sfmlApp\GameObject.cpp(248,43): warning C4244: 'argument' : conversion de 'T' en 'float', perte possible de données
          with
          [
              T=int
          ]
C:\Users\vvallee\Documents\GitHub\SFML-BRIQUE\sfmlApp\GameObject.cpp(248,31): warning C4244: 'argument' : conversion de 'T' en 'float', perte possible de données
          with
          [
              T=int
          ]
  main.cpp
C:\Users\vvallee\Documents\GitHub\SFML-BRIQUE\sfmlApp\GameObject.h(58,3): warning C4091: 'typedef ' : ignoré à gauche de 'GameObject::RectDesc' quand aucune variable n'est déclarée
C:\Users\vvallee\Documents\GitHub\SFML-BRIQUE\sfmlApp\GameObject.h(71,3): warning C4091: 'typedef ' : ignoré à gauche de 'GameObject::CircleDesc' quand aucune variable n'est déclarée
  Raquette.cpp
C:\Users\vvallee\Documents\GitHub\SFML-BRIQUE\sfmlApp\GameObject.h(58,3): warning C4091: 'typedef ' : ignoré à gauche de 'GameObject::RectDesc' quand aucune variable n'est déclarée
C:\Users\vvallee\Documents\GitHub\SFML-BRIQUE\sfmlApp\GameObject.h(71,3): warning C4091: 'typedef ' : ignoré à gauche de 'GameObject::CircleDesc' quand aucune variable n'est déclarée
  Génération de code en cours...
C:\Users\vvallee\Documents\GitHub\SFML-BRIQUE\sfmlApp\GameObject.cpp(166): warning C4715: 'GameObject::CheckCollisions' : les chemins de contrôle ne retournent pas tous une valeur
  sfmlApp.vcxproj -> C:\Users\vvallee\Documents\GitHub\SFML-BRIQUE\x64\Debug\sfmlApp.exe
